TN:
SF:/Users/kt3k/tmp/example-karma-browserify-babel-istanbul/src/fizzbuzz.js
FN:,(anonymous_0)
FNF:1
FNH:1
FNDA:11,(anonymous_0)
DA:7,1
DA:8,11
DA:9,3
DA:10,8
DA:11,0
DA:12,8
DA:13,3
DA:15,5
LF:8
LH:7
BRDA:,0,0,3
BRDA:,0,1,8
BRDA:,1,0,0
BRDA:,1,1,8
BRDA:,2,0,3
BRDA:,2,1,5
BRF:6
BRH:5
end_of_record
TN:
SF:/Users/kt3k/tmp/example-karma-browserify-babel-istanbul/src/sum.js
FN:,(anonymous_0)
FN:,(anonymous_1)
FNF:2
FNH:2
FNDA:4,(anonymous_0)
FNDA:14,(anonymous_1)
DA:4,1
DA:5,4
DA:7,4
DA:8,14
DA:11,4
LF:5
LH:5
BRF:0
BRH:0
end_of_record
